\BOOKMARK [0][-]{chapter.1}{\376\377\0001\000\040\000F\000a\000s\000t\000C\000h\000a\000r\000g\000e\000S\000A\000E\000\040\000S\000C\000U\000\040\000f\000i\000r\000m\000w\000a\000r\000e}{}% 1
\BOOKMARK [0][-]{chapter.2}{\376\377\0002\000\040\000C\000A\000N\000\040\000S\000e\000r\000v\000i\000z\000i\000\040\000n\000e\000t\000w\000o\000r\000k}{}% 2
\BOOKMARK [0][-]{chapter.3}{\376\377\0003\000\040\000B\000o\000a\000r\000d\000\040\000m\000o\000d\000e\000l}{}% 3
\BOOKMARK [0][-]{chapter.4}{\376\377\0004\000\040\000M\000o\000d\000u\000l\000e\000\040\000I\000n\000d\000e\000x}{}% 4
\BOOKMARK [1][-]{section.4.1}{\376\377\0004\000.\0001\000\040\000M\000o\000d\000u\000l\000e\000s}{chapter.4}% 5
\BOOKMARK [0][-]{chapter.5}{\376\377\0005\000\040\000C\000l\000a\000s\000s\000\040\000I\000n\000d\000e\000x}{}% 6
\BOOKMARK [1][-]{section.5.1}{\376\377\0005\000.\0001\000\040\000C\000l\000a\000s\000s\000\040\000L\000i\000s\000t}{chapter.5}% 7
\BOOKMARK [0][-]{chapter.6}{\376\377\0006\000\040\000F\000i\000l\000e\000\040\000I\000n\000d\000e\000x}{}% 8
\BOOKMARK [1][-]{section.6.1}{\376\377\0006\000.\0001\000\040\000F\000i\000l\000e\000\040\000L\000i\000s\000t}{chapter.6}% 9
\BOOKMARK [0][-]{chapter.7}{\376\377\0007\000\040\000M\000o\000d\000u\000l\000e\000\040\000D\000o\000c\000u\000m\000e\000n\000t\000a\000t\000i\000o\000n}{}% 10
\BOOKMARK [1][-]{section.7.1}{\376\377\0007\000.\0001\000\040\000C\000A\000N\000\040\000S\000e\000r\000v\000i\000z\000i\000\040\000N\000e\000t\000w\000o\000r\000k}{chapter.7}% 11
\BOOKMARK [2][-]{subsection.7.1.1}{\376\377\0007\000.\0001\000.\0001\000\040\000D\000e\000t\000a\000i\000l\000e\000d\000\040\000D\000e\000s\000c\000r\000i\000p\000t\000i\000o\000n}{section.7.1}% 12
\BOOKMARK [2][-]{subsection.7.1.2}{\376\377\0007\000.\0001\000.\0002\000\040\000F\000u\000n\000c\000t\000i\000o\000n\000\040\000D\000o\000c\000u\000m\000e\000n\000t\000a\000t\000i\000o\000n}{section.7.1}% 13
\BOOKMARK [3][-]{subsubsection.7.1.2.1}{\376\377\0007\000.\0001\000.\0002\000.\0001\000\040\000c\000a\000n\000S\000e\000n\000d\000\050\000\051}{subsection.7.1.2}% 14
\BOOKMARK [3][-]{subsubsection.7.1.2.2}{\376\377\0007\000.\0001\000.\0002\000.\0002\000\040\000i\000n\000i\000t\000C\000A\000N\000\050\000\051}{subsection.7.1.2}% 15
\BOOKMARK [1][-]{section.7.2}{\376\377\0007\000.\0002\000\040\000C\000A\000N\000\040\000N\000e\000t\000w\000o\000r\000k\000\040\000N\000o\000d\000e\000s\000\040\000I\000D}{chapter.7}% 16
\BOOKMARK [2][-]{subsection.7.2.1}{\376\377\0007\000.\0002\000.\0001\000\040\000D\000e\000t\000a\000i\000l\000e\000d\000\040\000D\000e\000s\000c\000r\000i\000p\000t\000i\000o\000n}{section.7.2}% 17
\BOOKMARK [1][-]{section.7.3}{\376\377\0007\000.\0003\000\040\000C\000o\000m\000m\000o\000n\000\040\000D\000e\000f\000i\000n\000e\000s}{chapter.7}% 18
\BOOKMARK [2][-]{subsection.7.3.1}{\376\377\0007\000.\0003\000.\0001\000\040\000D\000e\000t\000a\000i\000l\000e\000d\000\040\000D\000e\000s\000c\000r\000i\000p\000t\000i\000o\000n}{section.7.3}% 19
\BOOKMARK [1][-]{section.7.4}{\376\377\0007\000.\0004\000\040\000S\000C\000U\000\040\000f\000i\000r\000m\000w\000a\000r\000e\000\040\000s\000e\000l\000e\000c\000t\000i\000o\000n}{chapter.7}% 20
\BOOKMARK [2][-]{subsection.7.4.1}{\376\377\0007\000.\0004\000.\0001\000\040\000D\000e\000t\000a\000i\000l\000e\000d\000\040\000D\000e\000s\000c\000r\000i\000p\000t\000i\000o\000n}{section.7.4}% 21
\BOOKMARK [1][-]{section.7.5}{\376\377\0007\000.\0005\000\040\000C\000A\000N\000o\000p\000e\000n\000\040\000F\000u\000n\000c\000t\000i\000o\000n\000\040\000C\000o\000d\000e\000s}{chapter.7}% 22
\BOOKMARK [2][-]{subsection.7.5.1}{\376\377\0007\000.\0005\000.\0001\000\040\000D\000e\000t\000a\000i\000l\000e\000d\000\040\000D\000e\000s\000c\000r\000i\000p\000t\000i\000o\000n}{section.7.5}% 23
\BOOKMARK [1][-]{section.7.6}{\376\377\0007\000.\0006\000\040\000C\000A\000N\000o\000p\000e\000n\000\040\000N\000M\000T\000\040\000C\000o\000m\000m\000a\000n\000d\000\040\000S\000p\000e\000c\000i\000f\000i\000e\000r\000s}{chapter.7}% 24
\BOOKMARK [2][-]{subsection.7.6.1}{\376\377\0007\000.\0006\000.\0001\000\040\000D\000e\000t\000a\000i\000l\000e\000d\000\040\000D\000e\000s\000c\000r\000i\000p\000t\000i\000o\000n}{section.7.6}% 25
\BOOKMARK [1][-]{section.7.7}{\376\377\0007\000.\0007\000\040\000D\000a\000t\000a\000\040\000f\000i\000l\000t\000e\000r\000i\000n\000g\000\040\000m\000o\000d\000u\000l\000e}{chapter.7}% 26
\BOOKMARK [2][-]{subsection.7.7.1}{\376\377\0007\000.\0007\000.\0001\000\040\000D\000e\000t\000a\000i\000l\000e\000d\000\040\000D\000e\000s\000c\000r\000i\000p\000t\000i\000o\000n}{section.7.7}% 27
\BOOKMARK [2][-]{subsection.7.7.2}{\376\377\0007\000.\0007\000.\0002\000\040\000F\000u\000n\000c\000t\000i\000o\000n\000\040\000D\000o\000c\000u\000m\000e\000n\000t\000a\000t\000i\000o\000n}{section.7.7}% 28
\BOOKMARK [3][-]{subsubsection.7.7.2.1}{\376\377\0007\000.\0007\000.\0002\000.\0001\000\040\000f\000i\000l\000t\000e\000r\000\137\000b\000u\000f\000f\000e\000r\000\050\000\051}{subsection.7.7.2}% 29
\BOOKMARK [1][-]{section.7.8}{\376\377\0007\000.\0008\000\040\000B\000o\000a\000r\000d\000\040\000m\000o\000d\000u\000l\000e}{chapter.7}% 30
\BOOKMARK [2][-]{subsection.7.8.1}{\376\377\0007\000.\0008\000.\0001\000\040\000D\000e\000t\000a\000i\000l\000e\000d\000\040\000D\000e\000s\000c\000r\000i\000p\000t\000i\000o\000n}{section.7.8}% 31
\BOOKMARK [2][-]{subsection.7.8.2}{\376\377\0007\000.\0008\000.\0002\000\040\000M\000a\000c\000r\000o\000\040\000D\000e\000f\000i\000n\000i\000t\000i\000o\000n\000\040\000D\000o\000c\000u\000m\000e\000n\000t\000a\000t\000i\000o\000n}{section.7.8}% 32
\BOOKMARK [3][-]{subsubsection.7.8.2.1}{\376\377\0007\000.\0008\000.\0002\000.\0001\000\040\000B\000U\000F\000F\000E\000R\000S}{subsection.7.8.2}% 33
\BOOKMARK [2][-]{subsection.7.8.3}{\376\377\0007\000.\0008\000.\0003\000\040\000F\000u\000n\000c\000t\000i\000o\000n\000\040\000D\000o\000c\000u\000m\000e\000n\000t\000a\000t\000i\000o\000n}{section.7.8}% 34
\BOOKMARK [3][-]{subsubsection.7.8.3.1}{\376\377\0007\000.\0008\000.\0003\000.\0001\000\040\000A\000D\000C\000\137\000H\000a\000n\000d\000l\000e\000r\000\050\000\051}{subsection.7.8.3}% 35
\BOOKMARK [3][-]{subsubsection.7.8.3.2}{\376\377\0007\000.\0008\000.\0003\000.\0002\000\040\000f\000r\000\137\000d\000x\000\137\000p\000u\000l\000s\000e\000\050\000\051}{subsection.7.8.3}% 36
\BOOKMARK [3][-]{subsubsection.7.8.3.3}{\376\377\0007\000.\0008\000.\0003\000.\0003\000\040\000f\000r\000\137\000s\000x\000\137\000p\000u\000l\000s\000e\000\050\000\051}{subsection.7.8.3}% 37
\BOOKMARK [3][-]{subsubsection.7.8.3.4}{\376\377\0007\000.\0008\000.\0003\000.\0004\000\040\000g\000e\000t\000\137\000f\000r\000\137\000d\000x\000\137\000r\000p\000m\000\050\000\051}{subsection.7.8.3}% 38
\BOOKMARK [3][-]{subsubsection.7.8.3.5}{\376\377\0007\000.\0008\000.\0003\000.\0005\000\040\000g\000e\000t\000\137\000f\000r\000\137\000s\000x\000\137\000r\000p\000m\000\050\000\051}{subsection.7.8.3}% 39
\BOOKMARK [3][-]{subsubsection.7.8.3.6}{\376\377\0007\000.\0008\000.\0003\000.\0006\000\040\000g\000e\000t\000\137\000r\000t\000\137\000d\000x\000\137\000r\000p\000m\000\050\000\051}{subsection.7.8.3}% 40
\BOOKMARK [3][-]{subsubsection.7.8.3.7}{\376\377\0007\000.\0008\000.\0003\000.\0007\000\040\000g\000e\000t\000\137\000r\000t\000\137\000s\000x\000\137\000r\000p\000m\000\050\000\051}{subsection.7.8.3}% 41
\BOOKMARK [3][-]{subsubsection.7.8.3.8}{\376\377\0007\000.\0008\000.\0003\000.\0008\000\040\000m\000o\000d\000e\000l\000\137\000i\000n\000i\000t\000\050\000\051}{subsection.7.8.3}% 42
\BOOKMARK [2][-]{subsection.7.8.4}{\376\377\0007\000.\0008\000.\0004\000\040\000V\000a\000r\000i\000a\000b\000l\000e\000\040\000D\000o\000c\000u\000m\000e\000n\000t\000a\000t\000i\000o\000n}{section.7.8}% 43
\BOOKMARK [3][-]{subsubsection.7.8.4.1}{\376\377\0007\000.\0008\000.\0004\000.\0001\000\040\000a\000p\000p\000s\000\137\000p\000l\000a\000u\000s\000i\000b\000i\000l\000i\000t\000y\000\040\000[\0001\000/\0002\000]}{subsection.7.8.4}% 44
\BOOKMARK [3][-]{subsubsection.7.8.4.2}{\376\377\0007\000.\0008\000.\0004\000.\0002\000\040\000a\000p\000p\000s\000\137\000p\000l\000a\000u\000s\000i\000b\000i\000l\000i\000t\000y\000\040\000[\0002\000/\0002\000]}{subsection.7.8.4}% 45
\BOOKMARK [3][-]{subsubsection.7.8.4.3}{\376\377\0007\000.\0008\000.\0004\000.\0003\000\040\000b\000r\000a\000k\000e\000\137\000p\000e\000r\000c\000e\000n\000t\000a\000g\000e\000\040\000[\0001\000/\0002\000]}{subsection.7.8.4}% 46
\BOOKMARK [3][-]{subsubsection.7.8.4.4}{\376\377\0007\000.\0008\000.\0004\000.\0004\000\040\000b\000r\000a\000k\000e\000\137\000p\000e\000r\000c\000e\000n\000t\000a\000g\000e\000\040\000[\0002\000/\0002\000]}{subsection.7.8.4}% 47
\BOOKMARK [3][-]{subsubsection.7.8.4.5}{\376\377\0007\000.\0008\000.\0004\000.\0005\000\040\000b\000r\000a\000k\000e\000\137\000p\000l\000a\000u\000s\000i\000b\000i\000l\000i\000t\000y\000\040\000[\0001\000/\0002\000]}{subsection.7.8.4}% 48
\BOOKMARK [3][-]{subsubsection.7.8.4.6}{\376\377\0007\000.\0008\000.\0004\000.\0006\000\040\000b\000r\000a\000k\000e\000\137\000p\000l\000a\000u\000s\000i\000b\000i\000l\000i\000t\000y\000\040\000[\0002\000/\0002\000]}{subsection.7.8.4}% 49
\BOOKMARK [3][-]{subsubsection.7.8.4.7}{\376\377\0007\000.\0008\000.\0004\000.\0007\000\040\000t\000p\000s\0001\000\137\000p\000e\000r\000c\000e\000n\000t\000a\000g\000e\000\040\000[\0001\000/\0002\000]}{subsection.7.8.4}% 50
\BOOKMARK [3][-]{subsubsection.7.8.4.8}{\376\377\0007\000.\0008\000.\0004\000.\0008\000\040\000t\000p\000s\0001\000\137\000p\000e\000r\000c\000e\000n\000t\000a\000g\000e\000\040\000[\0002\000/\0002\000]}{subsection.7.8.4}% 51
\BOOKMARK [3][-]{subsubsection.7.8.4.9}{\376\377\0007\000.\0008\000.\0004\000.\0009\000\040\000t\000p\000s\0002\000\137\000p\000e\000r\000c\000e\000n\000t\000a\000g\000e\000\040\000[\0001\000/\0002\000]}{subsection.7.8.4}% 52
\BOOKMARK [3][-]{subsubsection.7.8.4.10}{\376\377\0007\000.\0008\000.\0004\000.\0001\0000\000\040\000t\000p\000s\0002\000\137\000p\000e\000r\000c\000e\000n\000t\000a\000g\000e\000\040\000[\0002\000/\0002\000]}{subsection.7.8.4}% 53
\BOOKMARK [1][-]{section.7.9}{\376\377\0007\000.\0009\000\040\000C\000A\000N\000o\000p\000e\000n\000\040\000N\000M\000T\000\040\000m\000o\000d\000u\000l\000e}{chapter.7}% 54
\BOOKMARK [2][-]{subsection.7.9.1}{\376\377\0007\000.\0009\000.\0001\000\040\000D\000e\000t\000a\000i\000l\000e\000d\000\040\000D\000e\000s\000c\000r\000i\000p\000t\000i\000o\000n}{section.7.9}% 55
\BOOKMARK [2][-]{subsection.7.9.2}{\376\377\0007\000.\0009\000.\0002\000\040\000F\000u\000n\000c\000t\000i\000o\000n\000\040\000D\000o\000c\000u\000m\000e\000n\000t\000a\000t\000i\000o\000n}{section.7.9}% 56
\BOOKMARK [3][-]{subsubsection.7.9.2.1}{\376\377\0007\000.\0009\000.\0002\000.\0001\000\040\000p\000r\000o\000c\000e\000e\000d\000N\000M\000T\000s\000t\000a\000t\000e\000C\000h\000a\000n\000g\000e\000\050\000\051}{subsection.7.9.2}% 57
\BOOKMARK [3][-]{subsubsection.7.9.2.2}{\376\377\0007\000.\0009\000.\0002\000.\0002\000\040\000s\000l\000a\000v\000e\000S\000e\000n\000d\000B\000o\000o\000t\000U\000p\000\050\000\051}{subsection.7.9.2}% 58
\BOOKMARK [1][-]{section.7.10}{\376\377\0007\000.\0001\0000\000\040\000C\000A\000N\000o\000p\000e\000n\000\040\000P\000D\000O\000\040\000m\000o\000d\000u\000l\000e}{chapter.7}% 59
\BOOKMARK [2][-]{subsection.7.10.1}{\376\377\0007\000.\0001\0000\000.\0001\000\040\000D\000e\000t\000a\000i\000l\000e\000d\000\040\000D\000e\000s\000c\000r\000i\000p\000t\000i\000o\000n}{section.7.10}% 60
\BOOKMARK [2][-]{subsection.7.10.2}{\376\377\0007\000.\0001\0000\000.\0002\000\040\000F\000u\000n\000c\000t\000i\000o\000n\000\040\000D\000o\000c\000u\000m\000e\000n\000t\000a\000t\000i\000o\000n}{section.7.10}% 61
\BOOKMARK [3][-]{subsubsection.7.10.2.1}{\376\377\0007\000.\0001\0000\000.\0002\000.\0001\000\040\000b\000u\000i\000l\000d\000P\000D\000O\000\050\000\051}{subsection.7.10.2}% 62
\BOOKMARK [3][-]{subsubsection.7.10.2.2}{\376\377\0007\000.\0001\0000\000.\0002\000.\0002\000\040\000p\000r\000o\000c\000e\000e\000d\000P\000D\000O\000\050\000\051}{subsection.7.10.2}% 63
\BOOKMARK [1][-]{section.7.11}{\376\377\0007\000.\0001\0001\000\040\000M\000a\000i\000n\000\040\000m\000o\000d\000u\000l\000e}{chapter.7}% 64
\BOOKMARK [2][-]{subsection.7.11.1}{\376\377\0007\000.\0001\0001\000.\0001\000\040\000D\000e\000t\000a\000i\000l\000e\000d\000\040\000D\000e\000s\000c\000r\000i\000p\000t\000i\000o\000n}{section.7.11}% 65
\BOOKMARK [2][-]{subsection.7.11.2}{\376\377\0007\000.\0001\0001\000.\0002\000\040\000F\000u\000n\000c\000t\000i\000o\000n\000\040\000D\000o\000c\000u\000m\000e\000n\000t\000a\000t\000i\000o\000n}{section.7.11}% 66
\BOOKMARK [3][-]{subsubsection.7.11.2.1}{\376\377\0007\000.\0001\0001\000.\0002\000.\0001\000\040\000l\000o\000o\000p\000\050\000\051}{subsection.7.11.2}% 67
\BOOKMARK [3][-]{subsubsection.7.11.2.2}{\376\377\0007\000.\0001\0001\000.\0002\000.\0002\000\040\000s\000e\000t\000u\000p\000\050\000\051}{subsection.7.11.2}% 68
\BOOKMARK [1][-]{section.7.12}{\376\377\0007\000.\0001\0002\000\040\000B\000o\000a\000r\000d\000\040\000p\000i\000n\000o\000u\000t}{chapter.7}% 69
\BOOKMARK [2][-]{subsection.7.12.1}{\376\377\0007\000.\0001\0002\000.\0001\000\040\000D\000e\000t\000a\000i\000l\000e\000d\000\040\000D\000e\000s\000c\000r\000i\000p\000t\000i\000o\000n}{section.7.12}% 70
\BOOKMARK [0][-]{chapter.8}{\376\377\0008\000\040\000C\000l\000a\000s\000s\000\040\000D\000o\000c\000u\000m\000e\000n\000t\000a\000t\000i\000o\000n}{}% 71
\BOOKMARK [1][-]{section.8.1}{\376\377\0008\000.\0001\000\040\000M\000e\000s\000s\000a\000g\000e\000\040\000S\000t\000r\000u\000c\000t\000\040\000R\000e\000f\000e\000r\000e\000n\000c\000e}{chapter.8}% 72
\BOOKMARK [2][-]{subsection.8.1.1}{\376\377\0008\000.\0001\000.\0001\000\040\000D\000e\000t\000a\000i\000l\000e\000d\000\040\000D\000e\000s\000c\000r\000i\000p\000t\000i\000o\000n}{section.8.1}% 73
\BOOKMARK [2][-]{subsection.8.1.2}{\376\377\0008\000.\0001\000.\0002\000\040\000M\000e\000m\000b\000e\000r\000\040\000D\000a\000t\000a\000\040\000D\000o\000c\000u\000m\000e\000n\000t\000a\000t\000i\000o\000n}{section.8.1}% 74
\BOOKMARK [3][-]{subsubsection.8.1.2.1}{\376\377\0008\000.\0001\000.\0002\000.\0001\000\040\000c\000o\000b\000\137\000i\000d}{subsection.8.1.2}% 75
\BOOKMARK [3][-]{subsubsection.8.1.2.2}{\376\377\0008\000.\0001\000.\0002\000.\0002\000\040\000d\000a\000t\000a}{subsection.8.1.2}% 76
\BOOKMARK [3][-]{subsubsection.8.1.2.3}{\376\377\0008\000.\0001\000.\0002\000.\0003\000\040\000l\000e\000n}{subsection.8.1.2}% 77
\BOOKMARK [0][-]{chapter.9}{\376\377\0009\000\040\000F\000i\000l\000e\000\040\000D\000o\000c\000u\000m\000e\000n\000t\000a\000t\000i\000o\000n}{}% 78
\BOOKMARK [1][-]{section.9.1}{\376\377\0009\000.\0001\000\040\000C\000A\000N\000\137\000I\000D\000.\000h\000\040\000F\000i\000l\000e\000\040\000R\000e\000f\000e\000r\000e\000n\000c\000e}{chapter.9}% 79
\BOOKMARK [2][-]{subsection.9.1.1}{\376\377\0009\000.\0001\000.\0001\000\040\000D\000e\000t\000a\000i\000l\000e\000d\000\040\000D\000e\000s\000c\000r\000i\000p\000t\000i\000o\000n}{section.9.1}% 80
\BOOKMARK [1][-]{section.9.2}{\376\377\0009\000.\0002\000\040\000C\000O\000\137\000c\000a\000n\000.\000c\000p\000p\000\040\000F\000i\000l\000e\000\040\000R\000e\000f\000e\000r\000e\000n\000c\000e}{chapter.9}% 81
\BOOKMARK [2][-]{subsection.9.2.1}{\376\377\0009\000.\0002\000.\0001\000\040\000D\000e\000t\000a\000i\000l\000e\000d\000\040\000D\000e\000s\000c\000r\000i\000p\000t\000i\000o\000n}{section.9.2}% 82
\BOOKMARK [1][-]{section.9.3}{\376\377\0009\000.\0003\000\040\000C\000O\000\137\000c\000a\000n\000.\000h\000\040\000F\000i\000l\000e\000\040\000R\000e\000f\000e\000r\000e\000n\000c\000e}{chapter.9}% 83
\BOOKMARK [2][-]{subsection.9.3.1}{\376\377\0009\000.\0003\000.\0001\000\040\000D\000e\000t\000a\000i\000l\000e\000d\000\040\000D\000e\000s\000c\000r\000i\000p\000t\000i\000o\000n}{section.9.3}% 84
\BOOKMARK [1][-]{section.9.4}{\376\377\0009\000.\0004\000\040\000c\000o\000m\000m\000o\000n\000.\000h\000\040\000F\000i\000l\000e\000\040\000R\000e\000f\000e\000r\000e\000n\000c\000e}{chapter.9}% 85
\BOOKMARK [2][-]{subsection.9.4.1}{\376\377\0009\000.\0004\000.\0001\000\040\000D\000e\000t\000a\000i\000l\000e\000d\000\040\000D\000e\000s\000c\000r\000i\000p\000t\000i\000o\000n}{section.9.4}% 86
\BOOKMARK [1][-]{section.9.5}{\376\377\0009\000.\0005\000\040\000d\000e\000f\000.\000h\000\040\000F\000i\000l\000e\000\040\000R\000e\000f\000e\000r\000e\000n\000c\000e}{chapter.9}% 87
\BOOKMARK [2][-]{subsection.9.5.1}{\376\377\0009\000.\0005\000.\0001\000\040\000D\000e\000t\000a\000i\000l\000e\000d\000\040\000D\000e\000s\000c\000r\000i\000p\000t\000i\000o\000n}{section.9.5}% 88
\BOOKMARK [1][-]{section.9.6}{\376\377\0009\000.\0006\000\040\000f\000i\000l\000t\000e\000r\000.\000c\000p\000p\000\040\000F\000i\000l\000e\000\040\000R\000e\000f\000e\000r\000e\000n\000c\000e}{chapter.9}% 89
\BOOKMARK [2][-]{subsection.9.6.1}{\376\377\0009\000.\0006\000.\0001\000\040\000D\000e\000t\000a\000i\000l\000e\000d\000\040\000D\000e\000s\000c\000r\000i\000p\000t\000i\000o\000n}{section.9.6}% 90
\BOOKMARK [1][-]{section.9.7}{\376\377\0009\000.\0007\000\040\000f\000i\000l\000t\000e\000r\000.\000h\000\040\000F\000i\000l\000e\000\040\000R\000e\000f\000e\000r\000e\000n\000c\000e}{chapter.9}% 91
\BOOKMARK [2][-]{subsection.9.7.1}{\376\377\0009\000.\0007\000.\0001\000\040\000D\000e\000t\000a\000i\000l\000e\000d\000\040\000D\000e\000s\000c\000r\000i\000p\000t\000i\000o\000n}{section.9.7}% 92
\BOOKMARK [1][-]{section.9.8}{\376\377\0009\000.\0008\000\040\000m\000o\000d\000e\000l\000.\000c\000p\000p\000\040\000F\000i\000l\000e\000\040\000R\000e\000f\000e\000r\000e\000n\000c\000e}{chapter.9}% 93
\BOOKMARK [2][-]{subsection.9.8.1}{\376\377\0009\000.\0008\000.\0001\000\040\000D\000e\000t\000a\000i\000l\000e\000d\000\040\000D\000e\000s\000c\000r\000i\000p\000t\000i\000o\000n}{section.9.8}% 94
\BOOKMARK [1][-]{section.9.9}{\376\377\0009\000.\0009\000\040\000m\000o\000d\000e\000l\000.\000h\000\040\000F\000i\000l\000e\000\040\000R\000e\000f\000e\000r\000e\000n\000c\000e}{chapter.9}% 95
\BOOKMARK [2][-]{subsection.9.9.1}{\376\377\0009\000.\0009\000.\0001\000\040\000D\000e\000t\000a\000i\000l\000e\000d\000\040\000D\000e\000s\000c\000r\000i\000p\000t\000i\000o\000n}{section.9.9}% 96
\BOOKMARK [1][-]{section.9.10}{\376\377\0009\000.\0001\0000\000\040\000n\000m\000t\000.\000c\000p\000p\000\040\000F\000i\000l\000e\000\040\000R\000e\000f\000e\000r\000e\000n\000c\000e}{chapter.9}% 97
\BOOKMARK [2][-]{subsection.9.10.1}{\376\377\0009\000.\0001\0000\000.\0001\000\040\000D\000e\000t\000a\000i\000l\000e\000d\000\040\000D\000e\000s\000c\000r\000i\000p\000t\000i\000o\000n}{section.9.10}% 98
\BOOKMARK [1][-]{section.9.11}{\376\377\0009\000.\0001\0001\000\040\000n\000m\000t\000.\000h\000\040\000F\000i\000l\000e\000\040\000R\000e\000f\000e\000r\000e\000n\000c\000e}{chapter.9}% 99
\BOOKMARK [2][-]{subsection.9.11.1}{\376\377\0009\000.\0001\0001\000.\0001\000\040\000D\000e\000t\000a\000i\000l\000e\000d\000\040\000D\000e\000s\000c\000r\000i\000p\000t\000i\000o\000n}{section.9.11}% 100
\BOOKMARK [1][-]{section.9.12}{\376\377\0009\000.\0001\0002\000\040\000p\000d\000o\000.\000c\000p\000p\000\040\000F\000i\000l\000e\000\040\000R\000e\000f\000e\000r\000e\000n\000c\000e}{chapter.9}% 101
\BOOKMARK [2][-]{subsection.9.12.1}{\376\377\0009\000.\0001\0002\000.\0001\000\040\000D\000e\000t\000a\000i\000l\000e\000d\000\040\000D\000e\000s\000c\000r\000i\000p\000t\000i\000o\000n}{section.9.12}% 102
\BOOKMARK [1][-]{section.9.13}{\376\377\0009\000.\0001\0003\000\040\000p\000d\000o\000.\000h\000\040\000F\000i\000l\000e\000\040\000R\000e\000f\000e\000r\000e\000n\000c\000e}{chapter.9}% 103
\BOOKMARK [2][-]{subsection.9.13.1}{\376\377\0009\000.\0001\0003\000.\0001\000\040\000D\000e\000t\000a\000i\000l\000e\000d\000\040\000D\000e\000s\000c\000r\000i\000p\000t\000i\000o\000n}{section.9.13}% 104
\BOOKMARK [1][-]{section.9.14}{\376\377\0009\000.\0001\0004\000\040\000S\000C\000U\000.\000i\000n\000o\000\040\000F\000i\000l\000e\000\040\000R\000e\000f\000e\000r\000e\000n\000c\000e}{chapter.9}% 105
\BOOKMARK [2][-]{subsection.9.14.1}{\376\377\0009\000.\0001\0004\000.\0001\000\040\000D\000e\000t\000a\000i\000l\000e\000d\000\040\000D\000e\000s\000c\000r\000i\000p\000t\000i\000o\000n}{section.9.14}% 106
\BOOKMARK [1][-]{section.9.15}{\376\377\0009\000.\0001\0005\000\040\000s\000e\000n\000s\000o\000r\000s\000\137\000p\000i\000n\000o\000u\000t\000.\000h\000\040\000F\000i\000l\000e\000\040\000R\000e\000f\000e\000r\000e\000n\000c\000e}{chapter.9}% 107
\BOOKMARK [2][-]{subsection.9.15.1}{\376\377\0009\000.\0001\0005\000.\0001\000\040\000D\000e\000t\000a\000i\000l\000e\000d\000\040\000D\000e\000s\000c\000r\000i\000p\000t\000i\000o\000n}{section.9.15}% 108
\BOOKMARK [0][-]{section*.82}{\376\377\000I\000n\000d\000e\000x}{}% 109
